Build started 08-08-2015 07:12:14 p.m..
     1>Project "C:\Users\Jazmina Liz\Desktop\Proyecto-ICG\bullet3-2.83.5\build3\vs2010\App_SharedMemoryPhysics.vcxproj" on node 4 (Build target(s)).
     1>ClCompile:
         C:\Program Files (x86)\Microsoft Visual Studio 12.0\VC\bin\CL.exe /c /I..\..\examples\SharedMemory /I..\..\src /I..\..\examples\ThirdPartyLibs /Zi /nologo /W3 /WX- /Od /Oy- /D _DEBUG=1 /D _MBCS /Gm- /EHsc /RTC1 /MTd /GS /Gy /fp:fast /Zc:wchar_t /Zc:forScope /Fo"obj\x32\Debug\App_SharedMemoryPhysics\\" /Fd"..\..\bin\App_SharedMemoryPhysics_vs2010_debug.pdb" /Gd /TP /analyze- /errorReport:prompt /MP ..\..\examples\SharedMemory\main.cpp ..\..\examples\SharedMemory\PhysicsClient.cpp ..\..\examples\SharedMemory\PhysicsServer.cpp ..\..\examples\SharedMemory\PosixSharedMemory.cpp ..\..\examples\SharedMemory\Win32SharedMemory.cpp ..\..\examples\Importers\ImportURDFDemo\MyMultiBodyCreator.cpp ..\..\examples\Importers\ImportURDFDemo\MyURDFImporter.cpp ..\..\examples\Importers\ImportURDFDemo\URDF2Bullet.cpp ..\..\examples\Importers\ImportObjDemo\Wavefront2GLInstanceGraphicsShape.cpp ..\..\examples\Importers\ImportObjDemo\LoadMeshFromObj.cpp ..\..\examples\Importers\ImportColladaDemo\LoadMeshFromCollada.cpp ..\..\examples\ThirdPartyLibs\Wavefront\tiny_obj_loader.cpp ..\..\examples\ThirdPartyLibs\urdf\urdfdom\urdf_parser\src\pose.cpp ..\..\examples\ThirdPartyLibs\urdf\urdfdom\urdf_parser\src\model.cpp ..\..\examples\ThirdPartyLibs\urdf\urdfdom\urdf_parser\src\link.cpp ..\..\examples\ThirdPartyLibs\urdf\urdfdom\urdf_parser\src\joint.cpp ..\..\examples\ThirdPartyLibs\tinyxml\tinystr.cpp ..\..\examples\ThirdPartyLibs\tinyxml\tinyxml.cpp ..\..\examples\ThirdPartyLibs\tinyxml\tinyxmlerror.cpp ..\..\examples\ThirdPartyLibs\tinyxml\tinyxmlparser.cpp ..\..\examples\ThirdPartyLibs\urdf\boost_replacement\printf_console.cpp ..\..\examples\ThirdPartyLibs\urdf\boost_replacement\string_split.cpp
         main.cpp
         PhysicsClient.cpp
         PhysicsServer.cpp
         PosixSharedMemory.cpp
         Win32SharedMemory.cpp
     1>C:\Users\Jazmina Liz\Desktop\Proyecto-ICG\bullet3-2.83.5\src\Bullet3Common/b3CommandLineArgs.h(85): warning C4996: 'strcpy': This function or variable may be unsafe. Consider using strcpy_s instead. To disable deprecation, use _CRT_SECURE_NO_WARNINGS. See online help for details. (..\..\examples\SharedMemory\main.cpp)
                 C:\Program Files (x86)\Microsoft Visual Studio 12.0\VC\include\string.h(112) : see declaration of 'strcpy'
         MyMultiBodyCreator.cpp
     1>c:\users\jazmina liz\desktop\proyecto-icg\bullet3-2.83.5\examples\sharedmemory\../CommonInterfaces/CommonMultiBodyBase.h(333): warning C4316: 'btMultiBodyPoint2Point' : object allocated on the heap may not be aligned 16 (..\..\examples\SharedMemory\main.cpp)
     1>c:\users\jazmina liz\desktop\proyecto-icg\bullet3-2.83.5\examples\sharedmemory\../CommonInterfaces/CommonMultiBodyBase.h(333): warning C4316: 'btMultiBodyPoint2Point' : object allocated on the heap may not be aligned 16 (..\..\examples\SharedMemory\PhysicsServer.cpp)
     1>c:\users\jazmina liz\desktop\proyecto-icg\bullet3-2.83.5\examples\sharedmemory\../CommonInterfaces/CommonMultiBodyBase.h(333): warning C4316: 'btMultiBodyPoint2Point' : object allocated on the heap may not be aligned 16 (..\..\examples\SharedMemory\PhysicsClient.cpp)
     1>..\..\examples\SharedMemory\PhysicsServer.cpp(192): warning C4244: 'argument' : conversion from 'double' to 'btScalar', possible loss of data
     1>..\..\examples\SharedMemory\PhysicsServer.cpp(229): warning C4316: 'PhysicsServer' : object allocated on the heap may not be aligned 16
     1>..\..\examples\SharedMemory\PhysicsClient.cpp(79): warning C4996: 'sprintf': This function or variable may be unsafe. Consider using sprintf_s instead. To disable deprecation, use _CRT_SECURE_NO_WARNINGS. See online help for details.
                 C:\Program Files (x86)\Microsoft Visual Studio 12.0\VC\include\stdio.h(356) : see declaration of 'sprintf'
     1>..\..\examples\SharedMemory\PhysicsClient.cpp(149): warning C4316: 'PhysicsClient' : object allocated on the heap may not be aligned 16
         MyURDFImporter.cpp
         URDF2Bullet.cpp
         Wavefront2GLInstanceGraphicsShape.cpp
         LoadMeshFromObj.cpp
     1>c:\users\jazmina liz\desktop\proyecto-icg\bullet3-2.83.5\examples\importers\importurdfdemo\../ImportSTLDemo/LoadMeshFromSTL.h(21): warning C4996: 'fopen': This function or variable may be unsafe. Consider using fopen_s instead. To disable deprecation, use _CRT_SECURE_NO_WARNINGS. See online help for details. (..\..\examples\Importers\ImportURDFDemo\MyURDFImporter.cpp)
                 C:\Program Files (x86)\Microsoft Visual Studio 12.0\VC\include\stdio.h(211) : see declaration of 'fopen'
         LoadMeshFromCollada.cpp
     1>C:\Users\Jazmina Liz\Desktop\Proyecto-ICG\bullet3-2.83.5\src\Bullet3Common/b3FileUtils.h(25): warning C4996: 'sprintf': This function or variable may be unsafe. Consider using sprintf_s instead. To disable deprecation, use _CRT_SECURE_NO_WARNINGS. See online help for details. (..\..\examples\Importers\ImportURDFDemo\MyURDFImporter.cpp)
                 C:\Program Files (x86)\Microsoft Visual Studio 12.0\VC\include\stdio.h(356) : see declaration of 'sprintf'
     1>C:\Users\Jazmina Liz\Desktop\Proyecto-ICG\bullet3-2.83.5\src\Bullet3Common/b3FileUtils.h(45): warning C4996: 'fopen': This function or variable may be unsafe. Consider using fopen_s instead. To disable deprecation, use _CRT_SECURE_NO_WARNINGS. See online help for details. (..\..\examples\Importers\ImportURDFDemo\MyURDFImporter.cpp)
                 C:\Program Files (x86)\Microsoft Visual Studio 12.0\VC\include\stdio.h(211) : see declaration of 'fopen'
     1>C:\Users\Jazmina Liz\Desktop\Proyecto-ICG\bullet3-2.83.5\examples\ThirdPartyLibs\urdf/urdfdom_headers/urdf_model/include/urdf_model/pose.h(82): warning C4101: 'e' : unreferenced local variable (..\..\examples\Importers\ImportURDFDemo\MyURDFImporter.cpp)
         tiny_obj_loader.cpp
     1>c:\users\jazmina liz\desktop\proyecto-icg\bullet3-2.83.5\examples\thirdpartylibs\urdf\urdfdom_headers\urdf_model\include\urdf_model\color.h(76): warning C4244: 'argument' : conversion from 'double' to 'float', possible loss of data (..\..\examples\Importers\ImportURDFDemo\MyURDFImporter.cpp)
     1>c:\users\jazmina liz\desktop\proyecto-icg\bullet3-2.83.5\examples\thirdpartylibs\urdf\urdfdom_headers\urdf_model\include\urdf_model\color.h(78): warning C4101: 'e' : unreferenced local variable (..\..\examples\Importers\ImportURDFDemo\MyURDFImporter.cpp)
     1>C:\Users\Jazmina Liz\Desktop\Proyecto-ICG\bullet3-2.83.5\src\Bullet3Common/b3FileUtils.h(21): warning C4996: 'fopen': This function or variable may be unsafe. Consider using fopen_s instead. To disable deprecation, use _CRT_SECURE_NO_WARNINGS. See online help for details. (..\..\examples\Importers\ImportColladaDemo\LoadMeshFromCollada.cpp)
                 C:\Program Files (x86)\Microsoft Visual Studio 12.0\VC\include\stdio.h(211) : see declaration of 'fopen'
     1>C:\Users\Jazmina Liz\Desktop\Proyecto-ICG\bullet3-2.83.5\src\Bullet3Common/b3FileUtils.h(25): warning C4996: 'sprintf': This function or variable may be unsafe. Consider using sprintf_s instead. To disable deprecation, use _CRT_SECURE_NO_WARNINGS. See online help for details. (..\..\examples\Importers\ImportColladaDemo\LoadMeshFromCollada.cpp)
                 C:\Program Files (x86)\Microsoft Visual Studio 12.0\VC\include\stdio.h(356) : see declaration of 'sprintf'
     1>C:\Users\Jazmina Liz\Desktop\Proyecto-ICG\bullet3-2.83.5\src\Bullet3Common/b3FileUtils.h(45): warning C4996: 'fopen': This function or variable may be unsafe. Consider using fopen_s instead. To disable deprecation, use _CRT_SECURE_NO_WARNINGS. See online help for details. (..\..\examples\Importers\ImportColladaDemo\LoadMeshFromCollada.cpp)
                 C:\Program Files (x86)\Microsoft Visual Studio 12.0\VC\include\stdio.h(211) : see declaration of 'fopen'
     1>..\..\examples\Importers\ImportColladaDemo\LoadMeshFromCollada.cpp(47): warning C4244: 'initializing' : conversion from 'double' to 'float', possible loss of data
     1>..\..\examples\Importers\ImportColladaDemo\LoadMeshFromCollada.cpp(59): warning C4244: 'initializing' : conversion from 'int' to 'float', possible loss of data
     1>..\..\examples\Importers\ImportColladaDemo\LoadMeshFromCollada.cpp(60): warning C4244: 'argument' : conversion from 'float' to 'const int', possible loss of data
     1>..\..\examples\Importers\ImportURDFDemo\MyURDFImporter.cpp(155): warning C4018: '<' : signed/unsigned mismatch
     1>..\..\examples\Importers\ImportURDFDemo\MyURDFImporter.cpp(214): warning C4244: '=' : conversion from 'double' to 'btScalar', possible loss of data
     1>..\..\examples\Importers\ImportURDFDemo\MyURDFImporter.cpp(215): warning C4244: 'argument' : conversion from 'double' to 'const btScalar', possible loss of data
     1>..\..\examples\Importers\ImportURDFDemo\MyURDFImporter.cpp(216): warning C4244: 'argument' : conversion from 'double' to 'const btScalar', possible loss of data
     1>..\..\examples\Importers\ImportURDFDemo\MyURDFImporter.cpp(217): warning C4244: 'argument' : conversion from 'double' to 'const btScalar', possible loss of data
     1>..\..\examples\Importers\ImportURDFDemo\MyURDFImporter.cpp(238): warning C4244: 'argument' : conversion from 'double' to 'const btScalar', possible loss of data
     1>..\..\examples\Importers\ImportURDFDemo\MyURDFImporter.cpp(239): warning C4244: 'argument' : conversion from 'const double' to 'const btScalar', possible loss of data
     1>..\..\examples\Importers\ImportURDFDemo\MyURDFImporter.cpp(240): warning C4244: 'argument' : conversion from 'const double' to 'const btScalar', possible loss of data
     1>..\..\examples\Importers\ImportURDFDemo\MyURDFImporter.cpp(269): warning C4244: '=' : conversion from 'double' to 'btScalar', possible loss of data
     1>..\..\examples\Importers\ImportURDFDemo\MyURDFImporter.cpp(270): warning C4244: '=' : conversion from 'double' to 'btScalar', possible loss of data
     1>..\..\examples\Importers\ImportURDFDemo\MyURDFImporter.cpp(303): warning C4244: 'argument' : conversion from 'double' to 'const btScalar', possible loss of data
     1>..\..\examples\Importers\ImportURDFDemo\MyURDFImporter.cpp(305): warning C4244: '=' : conversion from 'double' to 'btScalar', possible loss of data
     1>..\..\examples\Importers\ImportURDFDemo\MyURDFImporter.cpp(318): warning C4244: 'argument' : conversion from 'double' to 'const btScalar', possible loss of data
     1>..\..\examples\Importers\ImportURDFDemo\MyURDFImporter.cpp(329): warning C4244: 'initializing' : conversion from 'double' to 'btScalar', possible loss of data
     1>..\..\examples\Importers\ImportURDFDemo\MyURDFImporter.cpp(359): warning C4996: 'sprintf': This function or variable may be unsafe. Consider using sprintf_s instead. To disable deprecation, use _CRT_SECURE_NO_WARNINGS. See online help for details.
                 C:\Program Files (x86)\Microsoft Visual Studio 12.0\VC\include\stdio.h(356) : see declaration of 'sprintf'
     1>..\..\examples\Importers\ImportURDFDemo\MyURDFImporter.cpp(362): warning C4996: 'sprintf': This function or variable may be unsafe. Consider using sprintf_s instead. To disable deprecation, use _CRT_SECURE_NO_WARNINGS. See online help for details.
                 C:\Program Files (x86)\Microsoft Visual Studio 12.0\VC\include\stdio.h(356) : see declaration of 'sprintf'
     1>..\..\examples\Importers\ImportURDFDemo\MyURDFImporter.cpp(378): warning C4996: 'sprintf': This function or variable may be unsafe. Consider using sprintf_s instead. To disable deprecation, use _CRT_SECURE_NO_WARNINGS. See online help for details.
                 C:\Program Files (x86)\Microsoft Visual Studio 12.0\VC\include\stdio.h(356) : see declaration of 'sprintf'
     1>..\..\examples\Importers\ImportURDFDemo\MyURDFImporter.cpp(379): warning C4996: 'fopen': This function or variable may be unsafe. Consider using fopen_s instead. To disable deprecation, use _CRT_SECURE_NO_WARNINGS. See online help for details.
                 C:\Program Files (x86)\Microsoft Visual Studio 12.0\VC\include\stdio.h(211) : see declaration of 'fopen'
     1>..\..\examples\Importers\ImportColladaDemo\LoadMeshFromCollada.cpp(497): warning C4244: '=' : conversion from 'double' to 'float', possible loss of data
     1>..\..\examples\Importers\ImportURDFDemo\MyURDFImporter.cpp(613): warning C4244: 'argument' : conversion from 'double' to 'const btScalar', possible loss of data
     1>..\..\examples\Importers\ImportURDFDemo\MyURDFImporter.cpp(615): warning C4244: '=' : conversion from 'double' to 'btScalar', possible loss of data
     1>..\..\examples\Importers\ImportURDFDemo\MyURDFImporter.cpp(635): warning C4244: 'argument' : conversion from 'double' to 'const btScalar', possible loss of data
     1>..\..\examples\Importers\ImportURDFDemo\MyURDFImporter.cpp(646): warning C4244: 'initializing' : conversion from 'double' to 'btScalar', possible loss of data
     1>..\..\examples\Importers\ImportURDFDemo\MyURDFImporter.cpp(669): warning C4996: 'sprintf': This function or variable may be unsafe. Consider using sprintf_s instead. To disable deprecation, use _CRT_SECURE_NO_WARNINGS. See online help for details.
                 C:\Program Files (x86)\Microsoft Visual Studio 12.0\VC\include\stdio.h(356) : see declaration of 'sprintf'
     1>..\..\examples\Importers\ImportURDFDemo\MyURDFImporter.cpp(676): warning C4996: 'sprintf': This function or variable may be unsafe. Consider using sprintf_s instead. To disable deprecation, use _CRT_SECURE_NO_WARNINGS. See online help for details.
                 C:\Program Files (x86)\Microsoft Visual Studio 12.0\VC\include\stdio.h(356) : see declaration of 'sprintf'
     1>..\..\examples\Importers\ImportURDFDemo\MyURDFImporter.cpp(693): warning C4996: 'sprintf': This function or variable may be unsafe. Consider using sprintf_s instead. To disable deprecation, use _CRT_SECURE_NO_WARNINGS. See online help for details.
                 C:\Program Files (x86)\Microsoft Visual Studio 12.0\VC\include\stdio.h(356) : see declaration of 'sprintf'
     1>..\..\examples\Importers\ImportURDFDemo\MyURDFImporter.cpp(694): warning C4996: 'fopen': This function or variable may be unsafe. Consider using fopen_s instead. To disable deprecation, use _CRT_SECURE_NO_WARNINGS. See online help for details.
                 C:\Program Files (x86)\Microsoft Visual Studio 12.0\VC\include\stdio.h(211) : see declaration of 'fopen'
     1>..\..\examples\Importers\ImportURDFDemo\MyURDFImporter.cpp(856): warning C4244: 'argument' : conversion from 'const double' to 'const btScalar', possible loss of data
     1>..\..\examples\Importers\ImportURDFDemo\MyURDFImporter.cpp(857): warning C4244: 'argument' : conversion from 'const double' to 'const btScalar', possible loss of data
     1>..\..\examples\Importers\ImportURDFDemo\MyURDFImporter.cpp(888): warning C4244: 'argument' : conversion from 'const double' to 'const btScalar', possible loss of data
     1>..\..\examples\Importers\ImportURDFDemo\MyURDFImporter.cpp(889): warning C4244: 'argument' : conversion from 'const double' to 'const btScalar', possible loss of data
     1>..\..\examples\ThirdPartyLibs\Wavefront\tiny_obj_loader.cpp(174): warning C4018: '>' : signed/unsigned mismatch
     1>..\..\examples\ThirdPartyLibs\Wavefront\tiny_obj_loader.cpp(353): warning C4996: 'sscanf': This function or variable may be unsafe. Consider using sscanf_s instead. To disable deprecation, use _CRT_SECURE_NO_WARNINGS. See online help for details.
                 C:\Program Files (x86)\Microsoft Visual Studio 12.0\VC\include\stdio.h(304) : see declaration of 'sscanf'
     1>..\..\examples\ThirdPartyLibs\Wavefront\tiny_obj_loader.cpp(589): warning C4996: 'sscanf': This function or variable may be unsafe. Consider using sscanf_s instead. To disable deprecation, use _CRT_SECURE_NO_WARNINGS. See online help for details.
                 C:\Program Files (x86)\Microsoft Visual Studio 12.0\VC\include\stdio.h(304) : see declaration of 'sscanf'
     1>..\..\examples\ThirdPartyLibs\Wavefront\tiny_obj_loader.cpp(605): warning C4996: 'sscanf': This function or variable may be unsafe. Consider using sscanf_s instead. To disable deprecation, use _CRT_SECURE_NO_WARNINGS. See online help for details.
                 C:\Program Files (x86)\Microsoft Visual Studio 12.0\VC\include\stdio.h(304) : see declaration of 'sscanf'
     1>..\..\examples\ThirdPartyLibs\Wavefront\tiny_obj_loader.cpp(661): warning C4996: 'sscanf': This function or variable may be unsafe. Consider using sscanf_s instead. To disable deprecation, use _CRT_SECURE_NO_WARNINGS. See online help for details.
                 C:\Program Files (x86)\Microsoft Visual Studio 12.0\VC\include\stdio.h(304) : see declaration of 'sscanf'
         pose.cpp
         model.cpp
     1>C:\Users\Jazmina Liz\Desktop\Proyecto-ICG\bullet3-2.83.5\examples\ThirdPartyLibs\urdf/urdfdom_headers/urdf_model/include/urdf_model/pose.h(82): warning C4101: 'e' : unreferenced local variable (..\..\examples\ThirdPartyLibs\urdf\urdfdom\urdf_parser\src\pose.cpp)
         link.cpp
         joint.cpp
     1>C:\Users\Jazmina Liz\Desktop\Proyecto-ICG\bullet3-2.83.5\examples\ThirdPartyLibs\urdf/urdfdom_headers/urdf_model/include/urdf_model/pose.h(82): warning C4101: 'e' : unreferenced local variable (..\..\examples\ThirdPartyLibs\urdf\urdfdom\urdf_parser\src\model.cpp)
     1>c:\users\jazmina liz\desktop\proyecto-icg\bullet3-2.83.5\examples\thirdpartylibs\urdf\urdfdom_headers\urdf_model\include\urdf_model\color.h(76): warning C4244: 'argument' : conversion from 'double' to 'float', possible loss of data (..\..\examples\ThirdPartyLibs\urdf\urdfdom\urdf_parser\src\model.cpp)
     1>c:\users\jazmina liz\desktop\proyecto-icg\bullet3-2.83.5\examples\thirdpartylibs\urdf\urdfdom_headers\urdf_model\include\urdf_model\color.h(78): warning C4101: 'e' : unreferenced local variable (..\..\examples\ThirdPartyLibs\urdf\urdfdom\urdf_parser\src\model.cpp)
         tinystr.cpp
         tinyxml.cpp
     1>..\..\examples\ThirdPartyLibs\urdf\urdfdom\urdf_parser\src\model.cpp(106): warning C4101: 'e' : unreferenced local variable
     1>..\..\examples\ThirdPartyLibs\urdf\urdfdom\urdf_parser\src\model.cpp(163): warning C4101: 'e' : unreferenced local variable
         tinyxmlerror.cpp
     1>C:\Users\Jazmina Liz\Desktop\Proyecto-ICG\bullet3-2.83.5\examples\ThirdPartyLibs\urdf/urdfdom_headers/urdf_model/include/urdf_model/pose.h(82): warning C4101: 'e' : unreferenced local variable (..\..\examples\ThirdPartyLibs\urdf\urdfdom\urdf_parser\src\joint.cpp)
         tinyxmlparser.cpp
     1>C:\Users\Jazmina Liz\Desktop\Proyecto-ICG\bullet3-2.83.5\examples\ThirdPartyLibs\urdf/urdfdom_headers/urdf_model/include/urdf_model/pose.h(82): warning C4101: 'e' : unreferenced local variable (..\..\examples\ThirdPartyLibs\urdf\urdfdom\urdf_parser\src\link.cpp)
     1>c:\users\jazmina liz\desktop\proyecto-icg\bullet3-2.83.5\examples\thirdpartylibs\urdf\urdfdom_headers\urdf_model\include\urdf_model\color.h(76): warning C4244: 'argument' : conversion from 'double' to 'float', possible loss of data (..\..\examples\ThirdPartyLibs\urdf\urdfdom\urdf_parser\src\link.cpp)
     1>c:\users\jazmina liz\desktop\proyecto-icg\bullet3-2.83.5\examples\thirdpartylibs\urdf\urdfdom_headers\urdf_model\include\urdf_model\color.h(78): warning C4101: 'e' : unreferenced local variable (..\..\examples\ThirdPartyLibs\urdf\urdfdom\urdf_parser\src\link.cpp)
     1>c:\users\jazmina liz\desktop\proyecto-icg\bullet3-2.83.5\examples\thirdpartylibs\urdf\urdfdom_headers\urdf_model\include\urdf_model\color.h(76): warning C4244: 'argument' : conversion from 'double' to 'float', possible loss of data (..\..\examples\ThirdPartyLibs\urdf\urdfdom\urdf_parser\src\joint.cpp)
     1>c:\users\jazmina liz\desktop\proyecto-icg\bullet3-2.83.5\examples\thirdpartylibs\urdf\urdfdom_headers\urdf_model\include\urdf_model\color.h(78): warning C4101: 'e' : unreferenced local variable (..\..\examples\ThirdPartyLibs\urdf\urdfdom\urdf_parser\src\joint.cpp)
         printf_console.cpp
         string_split.cpp
     1>..\..\examples\ThirdPartyLibs\urdf\urdfdom\urdf_parser\src\link.cpp(132): warning C4101: 'e' : unreferenced local variable
     1>..\..\examples\ThirdPartyLibs\urdf\urdfdom\urdf_parser\src\link.cpp(183): warning C4101: 'e' : unreferenced local variable
     1>..\..\examples\ThirdPartyLibs\urdf\urdfdom\urdf_parser\src\link.cpp(196): warning C4101: 'e' : unreferenced local variable
     1>..\..\examples\ThirdPartyLibs\urdf\urdfdom\urdf_parser\src\link.cpp(315): warning C4101: 'e' : unreferenced local variable
     1>..\..\examples\ThirdPartyLibs\urdf\urdfdom\urdf_parser\src\link.cpp(347): warning C4101: 'e' : unreferenced local variable
     1>..\..\examples\ThirdPartyLibs\urdf\urdfdom\urdf_parser\src\joint.cpp(107): warning C4244: 'argument' : conversion from 'double' to 'float', possible loss of data
       Link:
         C:\Program Files (x86)\Microsoft Visual Studio 12.0\VC\bin\link.exe /ERRORREPORT:PROMPT /OUT:"..\..\bin\App_SharedMemoryPhysics_vs2010_debug.exe" /INCREMENTAL /NOLOGO ..\..\bin\Bullet3Common_vs2010_debug.lib ..\..\bin\BulletDynamics_vs2010_debug.lib ..\..\bin\BulletCollision_vs2010_debug.lib ..\..\bin\LinearMath_vs2010_debug.lib kernel32.lib user32.lib gdi32.lib winspool.lib comdlg32.lib advapi32.lib shell32.lib ole32.lib oleaut32.lib uuid.lib odbc32.lib odbccp32.lib /MANIFEST /MANIFESTUAC:"level='asInvoker' uiAccess='false'" /manifest:embed /DEBUG /PDB:"..\..\bin\App_SharedMemoryPhysics_vs2010_debug.pdb" /SUBSYSTEM:CONSOLE /TLBID:1 /ENTRY:"mainCRTStartup" /DYNAMICBASE /NXCOMPAT /IMPLIB:"..\..\bin\App_SharedMemoryPhysics_vs2010_debug.lib" /MACHINE:X86 obj\x32\Debug\App_SharedMemoryPhysics\main.obj
         obj\x32\Debug\App_SharedMemoryPhysics\PhysicsClient.obj
         obj\x32\Debug\App_SharedMemoryPhysics\PhysicsServer.obj
         obj\x32\Debug\App_SharedMemoryPhysics\PosixSharedMemory.obj
         obj\x32\Debug\App_SharedMemoryPhysics\Win32SharedMemory.obj
         obj\x32\Debug\App_SharedMemoryPhysics\MyMultiBodyCreator.obj
         obj\x32\Debug\App_SharedMemoryPhysics\MyURDFImporter.obj
         obj\x32\Debug\App_SharedMemoryPhysics\URDF2Bullet.obj
         obj\x32\Debug\App_SharedMemoryPhysics\Wavefront2GLInstanceGraphicsShape.obj
         obj\x32\Debug\App_SharedMemoryPhysics\LoadMeshFromObj.obj
         obj\x32\Debug\App_SharedMemoryPhysics\LoadMeshFromCollada.obj
         obj\x32\Debug\App_SharedMemoryPhysics\tiny_obj_loader.obj
         obj\x32\Debug\App_SharedMemoryPhysics\pose.obj
         obj\x32\Debug\App_SharedMemoryPhysics\model.obj
         obj\x32\Debug\App_SharedMemoryPhysics\link.obj
         obj\x32\Debug\App_SharedMemoryPhysics\joint.obj
         obj\x32\Debug\App_SharedMemoryPhysics\tinystr.obj
         obj\x32\Debug\App_SharedMemoryPhysics\tinyxml.obj
         obj\x32\Debug\App_SharedMemoryPhysics\tinyxmlerror.obj
         obj\x32\Debug\App_SharedMemoryPhysics\tinyxmlparser.obj
         obj\x32\Debug\App_SharedMemoryPhysics\printf_console.obj
         obj\x32\Debug\App_SharedMemoryPhysics\string_split.obj
         App_SharedMemoryPhysics.vcxproj -> C:\Users\Jazmina Liz\Desktop\Proyecto-ICG\bullet3-2.83.5\build3\vs2010\..\..\bin\App_SharedMemoryPhysics_vs2010_debug.exe
     1>Done Building Project "C:\Users\Jazmina Liz\Desktop\Proyecto-ICG\bullet3-2.83.5\build3\vs2010\App_SharedMemoryPhysics.vcxproj" (Build target(s)).

Build succeeded.

Time Elapsed 00:02:20.78
