Build started 08-08-2015 07:20:47 p.m..
     1>Project "C:\Users\Jazmina Liz\Desktop\Proyecto-ICG\bullet3-2.83.5\build3\vs2010\BulletDynamics.vcxproj" on node 2 (Build target(s)).
     1>ClCompile:
         C:\Program Files (x86)\Microsoft Visual Studio 12.0\VC\bin\x86_amd64\CL.exe /c /I..\..\src /Zi /nologo /W3 /WX- /Od /D _DEBUG=1 /D _MBCS /Gm- /EHsc /RTC1 /MTd /GS /Gy /fp:fast /Zc:wchar_t /Zc:forScope /Fo"obj\x64\Debug\BulletDynamics\\" /Fd"..\..\bin\BulletDynamics_vs2010_x64_debug.pdb" /Gd /TP /errorReport:prompt /MP ..\..\src\BulletDynamics\Dynamics\btDiscreteDynamicsWorld.cpp ..\..\src\BulletDynamics\Dynamics\btRigidBody.cpp ..\..\src\BulletDynamics\Dynamics\btSimpleDynamicsWorld.cpp ..\..\src\BulletDynamics\ConstraintSolver\btConeTwistConstraint.cpp ..\..\src\BulletDynamics\ConstraintSolver\btContactConstraint.cpp ..\..\src\BulletDynamics\ConstraintSolver\btFixedConstraint.cpp ..\..\src\BulletDynamics\ConstraintSolver\btGearConstraint.cpp ..\..\src\BulletDynamics\ConstraintSolver\btGeneric6DofConstraint.cpp ..\..\src\BulletDynamics\ConstraintSolver\btGeneric6DofSpring2Constraint.cpp ..\..\src\BulletDynamics\ConstraintSolver\btGeneric6DofSpringConstraint.cpp ..\..\src\BulletDynamics\ConstraintSolver\btHinge2Constraint.cpp ..\..\src\BulletDynamics\ConstraintSolver\btHingeConstraint.cpp ..\..\src\BulletDynamics\ConstraintSolver\btNNCGConstraintSolver.cpp ..\..\src\BulletDynamics\ConstraintSolver\btPoint2PointConstraint.cpp ..\..\src\BulletDynamics\ConstraintSolver\btSequentialImpulseConstraintSolver.cpp ..\..\src\BulletDynamics\ConstraintSolver\btSliderConstraint.cpp ..\..\src\BulletDynamics\ConstraintSolver\btSolve2LinearConstraint.cpp ..\..\src\BulletDynamics\ConstraintSolver\btTypedConstraint.cpp ..\..\src\BulletDynamics\ConstraintSolver\btUniversalConstraint.cpp ..\..\src\BulletDynamics\Featherstone\btMultiBody.cpp ..\..\src\BulletDynamics\Featherstone\btMultiBodyConstraint.cpp ..\..\src\BulletDynamics\Featherstone\btMultiBodyConstraintSolver.cpp ..\..\src\BulletDynamics\Featherstone\btMultiBodyDynamicsWorld.cpp ..\..\src\BulletDynamics\Featherstone\btMultiBodyJointLimitConstraint.cpp ..\..\src\BulletDynamics\Featherstone\btMultiBodyJointMotor.cpp ..\..\src\BulletDynamics\Featherstone\btMultiBodyPoint2Point.cpp ..\..\src\BulletDynamics\MLCPSolvers\btDantzigLCP.cpp ..\..\src\BulletDynamics\MLCPSolvers\btLemkeAlgorithm.cpp ..\..\src\BulletDynamics\MLCPSolvers\btMLCPSolver.cpp ..\..\src\BulletDynamics\Vehicle\btRaycastVehicle.cpp ..\..\src\BulletDynamics\Vehicle\btWheelInfo.cpp ..\..\src\BulletDynamics\Character\btKinematicCharacterController.cpp
         btDiscreteDynamicsWorld.cpp
         btRigidBody.cpp
         btSimpleDynamicsWorld.cpp
         btConeTwistConstraint.cpp
         btContactConstraint.cpp
         btFixedConstraint.cpp
         btGearConstraint.cpp
         btGeneric6DofConstraint.cpp
         btGeneric6DofSpring2Constraint.cpp
         btGeneric6DofSpringConstraint.cpp
         btHinge2Constraint.cpp
         btHingeConstraint.cpp
         btNNCGConstraintSolver.cpp
         btPoint2PointConstraint.cpp
         btSequentialImpulseConstraintSolver.cpp
         btSliderConstraint.cpp
         btSolve2LinearConstraint.cpp
         btTypedConstraint.cpp
         btUniversalConstraint.cpp
         btMultiBody.cpp
         btMultiBodyConstraint.cpp
         btMultiBodyConstraintSolver.cpp
         btMultiBodyDynamicsWorld.cpp
         btMultiBodyJointLimitConstraint.cpp
         btMultiBodyJointMotor.cpp
         btMultiBodyPoint2Point.cpp
         btDantzigLCP.cpp
         btLemkeAlgorithm.cpp
         btMLCPSolver.cpp
         btRaycastVehicle.cpp
         btWheelInfo.cpp
         btKinematicCharacterController.cpp
       Lib:
         C:\Program Files (x86)\Microsoft Visual Studio 12.0\VC\bin\x86_amd64\Lib.exe /OUT:"..\..\bin\BulletDynamics_vs2010_x64_debug.lib" /NOLOGO /MACHINE:X64 obj\x64\Debug\BulletDynamics\btDiscreteDynamicsWorld.obj
         obj\x64\Debug\BulletDynamics\btRigidBody.obj
         obj\x64\Debug\BulletDynamics\btSimpleDynamicsWorld.obj
         obj\x64\Debug\BulletDynamics\btConeTwistConstraint.obj
         obj\x64\Debug\BulletDynamics\btContactConstraint.obj
         obj\x64\Debug\BulletDynamics\btFixedConstraint.obj
         obj\x64\Debug\BulletDynamics\btGearConstraint.obj
         obj\x64\Debug\BulletDynamics\btGeneric6DofConstraint.obj
         obj\x64\Debug\BulletDynamics\btGeneric6DofSpring2Constraint.obj
         obj\x64\Debug\BulletDynamics\btGeneric6DofSpringConstraint.obj
         obj\x64\Debug\BulletDynamics\btHinge2Constraint.obj
         obj\x64\Debug\BulletDynamics\btHingeConstraint.obj
         obj\x64\Debug\BulletDynamics\btNNCGConstraintSolver.obj
         obj\x64\Debug\BulletDynamics\btPoint2PointConstraint.obj
         obj\x64\Debug\BulletDynamics\btSequentialImpulseConstraintSolver.obj
         obj\x64\Debug\BulletDynamics\btSliderConstraint.obj
         obj\x64\Debug\BulletDynamics\btSolve2LinearConstraint.obj
         obj\x64\Debug\BulletDynamics\btTypedConstraint.obj
         obj\x64\Debug\BulletDynamics\btUniversalConstraint.obj
         obj\x64\Debug\BulletDynamics\btMultiBody.obj
         obj\x64\Debug\BulletDynamics\btMultiBodyConstraint.obj
         obj\x64\Debug\BulletDynamics\btMultiBodyConstraintSolver.obj
         obj\x64\Debug\BulletDynamics\btMultiBodyDynamicsWorld.obj
         obj\x64\Debug\BulletDynamics\btMultiBodyJointLimitConstraint.obj
         obj\x64\Debug\BulletDynamics\btMultiBodyJointMotor.obj
         obj\x64\Debug\BulletDynamics\btMultiBodyPoint2Point.obj
         obj\x64\Debug\BulletDynamics\btDantzigLCP.obj
         obj\x64\Debug\BulletDynamics\btLemkeAlgorithm.obj
         obj\x64\Debug\BulletDynamics\btMLCPSolver.obj
         obj\x64\Debug\BulletDynamics\btRaycastVehicle.obj
         obj\x64\Debug\BulletDynamics\btWheelInfo.obj
         obj\x64\Debug\BulletDynamics\btKinematicCharacterController.obj
         BulletDynamics.vcxproj -> C:\Users\Jazmina Liz\Desktop\Proyecto-ICG\bullet3-2.83.5\build3\vs2010\..\..\bin\BulletDynamics_vs2010_x64_debug.lib
     1>Done Building Project "C:\Users\Jazmina Liz\Desktop\Proyecto-ICG\bullet3-2.83.5\build3\vs2010\BulletDynamics.vcxproj" (Build target(s)).

Build succeeded.

Time Elapsed 00:00:33.07
