Build started 08-08-2015 07:20:08 p.m..
     1>Project "C:\Users\Jazmina Liz\Desktop\Proyecto-ICG\bullet3-2.83.5\build3\vs2010\Bullet3Dynamics.vcxproj" on node 3 (Build target(s)).
     1>ClCompile:
         C:\Program Files (x86)\Microsoft Visual Studio 12.0\VC\bin\x86_amd64\CL.exe /c /I..\..\src /Zi /nologo /W3 /WX- /Od /D _DEBUG=1 /D _MBCS /Gm- /EHsc /RTC1 /MTd /GS /Gy /fp:fast /Zc:wchar_t /Zc:forScope /Fo"obj\x64\Debug\Bullet3Dynamics\\" /Fd"..\..\bin\Bullet3Dynamics_vs2010_x64_debug.pdb" /Gd /TP /errorReport:prompt /MP ..\..\src\Bullet3Dynamics\b3CpuRigidBodyPipeline.cpp ..\..\src\Bullet3Dynamics\ConstraintSolver\b3FixedConstraint.cpp ..\..\src\Bullet3Dynamics\ConstraintSolver\b3Generic6DofConstraint.cpp ..\..\src\Bullet3Dynamics\ConstraintSolver\b3PgsJacobiSolver.cpp ..\..\src\Bullet3Dynamics\ConstraintSolver\b3Point2PointConstraint.cpp ..\..\src\Bullet3Dynamics\ConstraintSolver\b3TypedConstraint.cpp
         b3CpuRigidBodyPipeline.cpp
         b3FixedConstraint.cpp
         b3Generic6DofConstraint.cpp
         b3PgsJacobiSolver.cpp
         b3Point2PointConstraint.cpp
         b3TypedConstraint.cpp
       Lib:
         C:\Program Files (x86)\Microsoft Visual Studio 12.0\VC\bin\x86_amd64\Lib.exe /OUT:"..\..\bin\Bullet3Dynamics_vs2010_x64_debug.lib" /NOLOGO /MACHINE:X64 obj\x64\Debug\Bullet3Dynamics\b3CpuRigidBodyPipeline.obj
         obj\x64\Debug\Bullet3Dynamics\b3FixedConstraint.obj
         obj\x64\Debug\Bullet3Dynamics\b3Generic6DofConstraint.obj
         obj\x64\Debug\Bullet3Dynamics\b3PgsJacobiSolver.obj
         obj\x64\Debug\Bullet3Dynamics\b3Point2PointConstraint.obj
         obj\x64\Debug\Bullet3Dynamics\b3TypedConstraint.obj
         Bullet3Dynamics.vcxproj -> C:\Users\Jazmina Liz\Desktop\Proyecto-ICG\bullet3-2.83.5\build3\vs2010\..\..\bin\Bullet3Dynamics_vs2010_x64_debug.lib
     1>Done Building Project "C:\Users\Jazmina Liz\Desktop\Proyecto-ICG\bullet3-2.83.5\build3\vs2010\Bullet3Dynamics.vcxproj" (Build target(s)).

Build succeeded.

Time Elapsed 00:02:19.01
