Build started 08-08-2015 08:26:47 p.m..
     1>Project "C:\Users\Jazmina Liz\Desktop\Proyecto-ICG\src\TareaIV.vcxproj" on node 2 (Build target(s)).
     1>C:\Program Files (x86)\MSBuild\Microsoft.Cpp\v4.0\V120\Microsoft.CppBuild.targets(364,5): warning MSB8004: Output Directory does not end with a trailing slash.  This build instance will add the slash as it is required to allow proper evaluation of the Output Directory.
     1>Link:
         C:\Program Files (x86)\Microsoft Visual Studio 12.0\VC\bin\link.exe /ERRORREPORT:PROMPT /OUT:"..\bin\TareaIV.exe" /INCREMENTAL /NOLOGO /LIBPATH:..\lib /LIBPATH:"C:\Users\Jazmina Liz\Desktop\Proyecto-ICG\bullet3-2.83.5\bin" opengl32.lib glfw3.lib glu32.lib glew32.lib kernel32.lib user32.lib gdi32.lib winspool.lib comdlg32.lib advapi32.lib shell32.lib ole32.lib oleaut32.lib uuid.lib odbc32.lib odbccp32.lib /MANIFEST /MANIFESTUAC:"level='asInvoker' uiAccess='false'" /manifest:embed /DEBUG /PDB:"..\bin\TareaIV.pdb" /TLBID:1 /DYNAMICBASE /NXCOMPAT /IMPLIB:"..\bin\TareaIV.lib" /MACHINE:X86 Debug\GLSLProgram.obj
         Debug\main.obj
         Debug\mesh.obj
         Debug\objReader.obj
         Debug\offReader.obj
         Debug\Triangle.obj
         Debug\Vertices.obj
         "C:\Users\Jazmina Liz\Desktop\Proyecto-ICG\bullet3-2.83.5\bin\BulletCollision_vs2010_debug.lib"
         "C:\Users\Jazmina Liz\Desktop\Proyecto-ICG\bullet3-2.83.5\bin\BulletDynamics_vs2010_debug.lib"
         "C:\Users\Jazmina Liz\Desktop\Proyecto-ICG\bullet3-2.83.5\bin\LinearMath_vs2010_debug.lib"
     1>MSVCRT.lib(MSVCR120.dll) : error LNK2005: _free already defined in LIBCMTD.lib(dbgfree.obj)
     1>MSVCRT.lib(MSVCR120.dll) : error LNK2005: _strncmp already defined in LIBCMTD.lib(strncmp.obj)
     1>MSVCRT.lib(MSVCR120.dll) : error LNK2005: _strstr already defined in LIBCMTD.lib(strstr.obj)
     1>MSVCRT.lib(MSVCR120.dll) : error LNK2005: __strdup already defined in LIBCMTD.lib(strdup.obj)
     1>MSVCRT.lib(ti_inst.obj) : error LNK2005: "private: __thiscall type_info::type_info(class type_info const &)" (??0type_info@@AAE@ABV0@@Z) already defined in LIBCMTD.lib(typinfo.obj)
     1>MSVCRT.lib(ti_inst.obj) : error LNK2005: "private: class type_info & __thiscall type_info::operator=(class type_info const &)" (??4type_info@@AAEAAV0@ABV0@@Z) already defined in LIBCMTD.lib(typinfo.obj)
     1>LINK : warning LNK4098: defaultlib 'MSVCRT' conflicts with use of other libs; use /NODEFAULTLIB:library
     1>..\bin\TareaIV.exe : fatal error LNK1169: one or more multiply defined symbols found
     1>Done Building Project "C:\Users\Jazmina Liz\Desktop\Proyecto-ICG\src\TareaIV.vcxproj" (Build target(s)) -- FAILED.

Build FAILED.

Time Elapsed 00:00:01.29
