c:\users\jazmina liz\desktop\proyecto-icg\src\debug\vc120.pdb
c:\users\jazmina liz\desktop\proyecto-icg\src\debug\vc120.idb
c:\users\jazmina liz\desktop\proyecto-icg\src\debug\glslprogram.obj
c:\users\jazmina liz\desktop\proyecto-icg\src\debug\main.obj
c:\users\jazmina liz\desktop\proyecto-icg\src\debug\mesh.obj
c:\users\jazmina liz\desktop\proyecto-icg\src\debug\objreader.obj
c:\users\jazmina liz\desktop\proyecto-icg\src\debug\offreader.obj
c:\users\jazmina liz\desktop\proyecto-icg\src\debug\triangle.obj
c:\users\jazmina liz\desktop\proyecto-icg\src\debug\vertices.obj
c:\users\jazmina liz\desktop\proyecto-icg\src\debug\_skybox.obj
c:\users\jazmina liz\desktop\proyecto-icg\src\debug\tareaiv.vcxprojresolveassemblyreference.cache
c:\users\jazmina liz\desktop\proyecto-icg\src\debug\tareaiv.ilk
c:\users\jazmina liz\desktop\proyecto-icg\src\debug\tareaiv.pdb
c:\users\jazmina liz\desktop\proyecto-icg\src\debug\tareaiv.tlog\cl.command.1.tlog
c:\users\jazmina liz\desktop\proyecto-icg\src\debug\tareaiv.tlog\cl.read.1.tlog
c:\users\jazmina liz\desktop\proyecto-icg\src\debug\tareaiv.tlog\cl.write.1.tlog
c:\users\jazmina liz\desktop\proyecto-icg\src\debug\tareaiv.tlog\link-cvtres.read.1.tlog
c:\users\jazmina liz\desktop\proyecto-icg\src\debug\tareaiv.tlog\link-cvtres.write.1.tlog
c:\users\jazmina liz\desktop\proyecto-icg\src\debug\tareaiv.tlog\link-rc.read.1.tlog
c:\users\jazmina liz\desktop\proyecto-icg\src\debug\tareaiv.tlog\link-rc.write.1.tlog
c:\users\jazmina liz\desktop\proyecto-icg\src\debug\tareaiv.tlog\link.command.1.tlog
c:\users\jazmina liz\desktop\proyecto-icg\src\debug\tareaiv.tlog\link.read.1.tlog
c:\users\jazmina liz\desktop\proyecto-icg\src\debug\tareaiv.tlog\link.write.1.tlog
