Build started 09-08-2015 11:51:45 a.m..
     1>Project "C:\Users\Jazmina Liz\Desktop\Proyecto-ICG\bullet3-2.83.5\build3\vs2010\BulletDynamics.vcxproj" on node 3 (Rebuild target(s)).
     1>ClCompile:
         C:\Program Files (x86)\Microsoft Visual Studio 12.0\VC\bin\x86_amd64\CL.exe /c /I..\..\src /nologo /W3 /WX- /Ox /GF /Gm- /EHsc /MT /GS /Gy /arch:SSE2 /fp:fast /Zc:wchar_t /Zc:forScope /Fo"obj\x64\Release\BulletDynamics\\" /Fd"obj\x64\Release\BulletDynamics\vc120.pdb" /Gd /TP /errorReport:prompt /MP ..\..\src\BulletDynamics\Dynamics\btDiscreteDynamicsWorld.cpp ..\..\src\BulletDynamics\Dynamics\btRigidBody.cpp ..\..\src\BulletDynamics\Dynamics\btSimpleDynamicsWorld.cpp ..\..\src\BulletDynamics\ConstraintSolver\btConeTwistConstraint.cpp ..\..\src\BulletDynamics\ConstraintSolver\btContactConstraint.cpp ..\..\src\BulletDynamics\ConstraintSolver\btFixedConstraint.cpp ..\..\src\BulletDynamics\ConstraintSolver\btGearConstraint.cpp ..\..\src\BulletDynamics\ConstraintSolver\btGeneric6DofConstraint.cpp ..\..\src\BulletDynamics\ConstraintSolver\btGeneric6DofSpring2Constraint.cpp ..\..\src\BulletDynamics\ConstraintSolver\btGeneric6DofSpringConstraint.cpp ..\..\src\BulletDynamics\ConstraintSolver\btHinge2Constraint.cpp ..\..\src\BulletDynamics\ConstraintSolver\btHingeConstraint.cpp ..\..\src\BulletDynamics\ConstraintSolver\btNNCGConstraintSolver.cpp ..\..\src\BulletDynamics\ConstraintSolver\btPoint2PointConstraint.cpp ..\..\src\BulletDynamics\ConstraintSolver\btSequentialImpulseConstraintSolver.cpp ..\..\src\BulletDynamics\ConstraintSolver\btSliderConstraint.cpp ..\..\src\BulletDynamics\ConstraintSolver\btSolve2LinearConstraint.cpp ..\..\src\BulletDynamics\ConstraintSolver\btTypedConstraint.cpp ..\..\src\BulletDynamics\ConstraintSolver\btUniversalConstraint.cpp ..\..\src\BulletDynamics\Featherstone\btMultiBody.cpp ..\..\src\BulletDynamics\Featherstone\btMultiBodyConstraint.cpp ..\..\src\BulletDynamics\Featherstone\btMultiBodyConstraintSolver.cpp ..\..\src\BulletDynamics\Featherstone\btMultiBodyDynamicsWorld.cpp ..\..\src\BulletDynamics\Featherstone\btMultiBodyJointLimitConstraint.cpp ..\..\src\BulletDynamics\Featherstone\btMultiBodyJointMotor.cpp ..\..\src\BulletDynamics\Featherstone\btMultiBodyPoint2Point.cpp ..\..\src\BulletDynamics\MLCPSolvers\btDantzigLCP.cpp ..\..\src\BulletDynamics\MLCPSolvers\btLemkeAlgorithm.cpp ..\..\src\BulletDynamics\MLCPSolvers\btMLCPSolver.cpp ..\..\src\BulletDynamics\Vehicle\btRaycastVehicle.cpp ..\..\src\BulletDynamics\Vehicle\btWheelInfo.cpp ..\..\src\BulletDynamics\Character\btKinematicCharacterController.cpp
     1>cl : Command line warning D9002: ignoring unknown option '/arch:SSE2'
     1>cl : Command line warning D9002: ignoring unknown option '/arch:SSE2'
     1>cl : Command line warning D9002: ignoring unknown option '/arch:SSE2'
     1>cl : Command line warning D9002: ignoring unknown option '/arch:SSE2'
         btDiscreteDynamicsWorld.cpp
         btRigidBody.cpp
         btSimpleDynamicsWorld.cpp
     1>cl : Command line warning D9002: ignoring unknown option '/arch:SSE2'
         btConeTwistConstraint.cpp
         btContactConstraint.cpp
         btFixedConstraint.cpp
         btGearConstraint.cpp
         btGeneric6DofConstraint.cpp
         btGeneric6DofSpring2Constraint.cpp
         btGeneric6DofSpringConstraint.cpp
         btHinge2Constraint.cpp
         btHingeConstraint.cpp
         btNNCGConstraintSolver.cpp
         btPoint2PointConstraint.cpp
         btSequentialImpulseConstraintSolver.cpp
         btSliderConstraint.cpp
         btSolve2LinearConstraint.cpp
         btTypedConstraint.cpp
         btUniversalConstraint.cpp
         btMultiBody.cpp
         btMultiBodyConstraint.cpp
         btMultiBodyConstraintSolver.cpp
         btMultiBodyDynamicsWorld.cpp
         btMultiBodyJointLimitConstraint.cpp
         btMultiBodyJointMotor.cpp
         btMultiBodyPoint2Point.cpp
         btDantzigLCP.cpp
         btLemkeAlgorithm.cpp
         btMLCPSolver.cpp
         btRaycastVehicle.cpp
         btWheelInfo.cpp
         btKinematicCharacterController.cpp
       Lib:
         C:\Program Files (x86)\Microsoft Visual Studio 12.0\VC\bin\x86_amd64\Lib.exe /OUT:"..\..\bin\BulletDynamics_vs2010_x64_release.lib" /NOLOGO /MACHINE:X64 obj\x64\Release\BulletDynamics\btDiscreteDynamicsWorld.obj
         obj\x64\Release\BulletDynamics\btRigidBody.obj
         obj\x64\Release\BulletDynamics\btSimpleDynamicsWorld.obj
         obj\x64\Release\BulletDynamics\btConeTwistConstraint.obj
         obj\x64\Release\BulletDynamics\btContactConstraint.obj
         obj\x64\Release\BulletDynamics\btFixedConstraint.obj
         obj\x64\Release\BulletDynamics\btGearConstraint.obj
         obj\x64\Release\BulletDynamics\btGeneric6DofConstraint.obj
         obj\x64\Release\BulletDynamics\btGeneric6DofSpring2Constraint.obj
         obj\x64\Release\BulletDynamics\btGeneric6DofSpringConstraint.obj
         obj\x64\Release\BulletDynamics\btHinge2Constraint.obj
         obj\x64\Release\BulletDynamics\btHingeConstraint.obj
         obj\x64\Release\BulletDynamics\btNNCGConstraintSolver.obj
         obj\x64\Release\BulletDynamics\btPoint2PointConstraint.obj
         obj\x64\Release\BulletDynamics\btSequentialImpulseConstraintSolver.obj
         obj\x64\Release\BulletDynamics\btSliderConstraint.obj
         obj\x64\Release\BulletDynamics\btSolve2LinearConstraint.obj
         obj\x64\Release\BulletDynamics\btTypedConstraint.obj
         obj\x64\Release\BulletDynamics\btUniversalConstraint.obj
         obj\x64\Release\BulletDynamics\btMultiBody.obj
         obj\x64\Release\BulletDynamics\btMultiBodyConstraint.obj
         obj\x64\Release\BulletDynamics\btMultiBodyConstraintSolver.obj
         obj\x64\Release\BulletDynamics\btMultiBodyDynamicsWorld.obj
         obj\x64\Release\BulletDynamics\btMultiBodyJointLimitConstraint.obj
         obj\x64\Release\BulletDynamics\btMultiBodyJointMotor.obj
         obj\x64\Release\BulletDynamics\btMultiBodyPoint2Point.obj
         obj\x64\Release\BulletDynamics\btDantzigLCP.obj
         obj\x64\Release\BulletDynamics\btLemkeAlgorithm.obj
         obj\x64\Release\BulletDynamics\btMLCPSolver.obj
         obj\x64\Release\BulletDynamics\btRaycastVehicle.obj
         obj\x64\Release\BulletDynamics\btWheelInfo.obj
         obj\x64\Release\BulletDynamics\btKinematicCharacterController.obj
         BulletDynamics.vcxproj -> C:\Users\Jazmina Liz\Desktop\Proyecto-ICG\bullet3-2.83.5\build3\vs2010\..\..\bin\BulletDynamics_vs2010_x64_release.lib
     1>Done Building Project "C:\Users\Jazmina Liz\Desktop\Proyecto-ICG\bullet3-2.83.5\build3\vs2010\BulletDynamics.vcxproj" (Rebuild target(s)).

Build succeeded.

Time Elapsed 00:01:37.80
