Build started 08-08-2015 07:21:20 p.m..
     1>Project "C:\Users\Jazmina Liz\Desktop\Proyecto-ICG\bullet3-2.83.5\build3\vs2010\LinearMath.vcxproj" on node 5 (Build target(s)).
     1>ClCompile:
         C:\Program Files (x86)\Microsoft Visual Studio 12.0\VC\bin\x86_amd64\CL.exe /c /I..\..\src /Zi /nologo /W3 /WX- /Od /D _DEBUG=1 /D _MBCS /Gm- /EHsc /RTC1 /MTd /GS /Gy /fp:fast /Zc:wchar_t /Zc:forScope /Fo"obj\x64\Debug\LinearMath\\" /Fd"..\..\bin\LinearMath_vs2010_x64_debug.pdb" /Gd /TP /errorReport:prompt /MP ..\..\src\LinearMath\btAlignedAllocator.cpp ..\..\src\LinearMath\btConvexHull.cpp ..\..\src\LinearMath\btConvexHullComputer.cpp ..\..\src\LinearMath\btGeometryUtil.cpp ..\..\src\LinearMath\btPolarDecomposition.cpp ..\..\src\LinearMath\btQuickprof.cpp ..\..\src\LinearMath\btSerializer.cpp ..\..\src\LinearMath\btVector3.cpp
         btAlignedAllocator.cpp
         btConvexHull.cpp
         btConvexHullComputer.cpp
         btGeometryUtil.cpp
         btPolarDecomposition.cpp
         btQuickprof.cpp
         btSerializer.cpp
         btVector3.cpp
     1>..\..\src\LinearMath\btVector3.cpp(179): warning C4267: '=' : conversion from 'size_t' to 'long', possible loss of data
     1>..\..\src\LinearMath\btVector3.cpp(184): warning C4267: '-=' : conversion from 'size_t' to 'unsigned long', possible loss of data
     1>..\..\src\LinearMath\btVector3.cpp(427): warning C4267: '=' : conversion from 'size_t' to 'long', possible loss of data
     1>..\..\src\LinearMath\btVector3.cpp(564): warning C4267: '=' : conversion from 'size_t' to 'long', possible loss of data
     1>..\..\src\LinearMath\btVector3.cpp(569): warning C4267: '-=' : conversion from 'size_t' to 'unsigned long', possible loss of data
     1>..\..\src\LinearMath\btVector3.cpp(815): warning C4267: '=' : conversion from 'size_t' to 'long', possible loss of data
       Lib:
         C:\Program Files (x86)\Microsoft Visual Studio 12.0\VC\bin\x86_amd64\Lib.exe /OUT:"..\..\bin\LinearMath_vs2010_x64_debug.lib" /NOLOGO /MACHINE:X64 obj\x64\Debug\LinearMath\btAlignedAllocator.obj
         obj\x64\Debug\LinearMath\btConvexHull.obj
         obj\x64\Debug\LinearMath\btConvexHullComputer.obj
         obj\x64\Debug\LinearMath\btGeometryUtil.obj
         obj\x64\Debug\LinearMath\btPolarDecomposition.obj
         obj\x64\Debug\LinearMath\btQuickprof.obj
         obj\x64\Debug\LinearMath\btSerializer.obj
         obj\x64\Debug\LinearMath\btVector3.obj
         LinearMath.vcxproj -> C:\Users\Jazmina Liz\Desktop\Proyecto-ICG\bullet3-2.83.5\build3\vs2010\..\..\bin\LinearMath_vs2010_x64_debug.lib
     1>Done Building Project "C:\Users\Jazmina Liz\Desktop\Proyecto-ICG\bullet3-2.83.5\build3\vs2010\LinearMath.vcxproj" (Build target(s)).

Build succeeded.

Time Elapsed 00:00:05.05
