Build started 08-08-2015 07:20:02 p.m..
     1>Project "C:\Users\Jazmina Liz\Desktop\Proyecto-ICG\bullet3-2.83.5\build3\vs2010\OpenGL_Window.vcxproj" on node 2 (Build target(s)).
     1>ClCompile:
         C:\Program Files (x86)\Microsoft Visual Studio 12.0\VC\bin\x86_amd64\CL.exe /c /I..\..\examples\ThirdPartyLibs\Glew /I..\..\src /Zi /nologo /W3 /WX- /Od /D _DEBUG=1 /D GLEW_STATIC /D _MBCS /Gm- /EHsc /RTC1 /MTd /GS /Gy /fp:fast /Zc:wchar_t /Zc:forScope /Fo"obj\x64\Debug\OpenGL_Window\\" /Fd"..\..\bin\OpenGL_Window_vs2010_x64_debug.pdb" /Gd /TC /errorReport:prompt /MP ..\..\examples\ThirdPartyLibs\Glew\glew.c
         glew.c
         C:\Program Files (x86)\Microsoft Visual Studio 12.0\VC\bin\x86_amd64\CL.exe /c /I..\..\examples\ThirdPartyLibs\Glew /I..\..\src /Zi /nologo /W3 /WX- /Od /D _DEBUG=1 /D GLEW_STATIC /D _MBCS /Gm- /EHsc /RTC1 /MTd /GS /Gy /fp:fast /Zc:wchar_t /Zc:forScope /Fo"obj\x64\Debug\OpenGL_Window\\" /Fd"..\..\bin\OpenGL_Window_vs2010_x64_debug.pdb" /Gd /TP /errorReport:prompt /MP ..\..\examples\OpenGLWindow\fontstash.cpp ..\..\examples\OpenGLWindow\GLInstancingRenderer.cpp ..\..\examples\OpenGLWindow\GLPrimitiveRenderer.cpp ..\..\examples\OpenGLWindow\GLRenderToTexture.cpp ..\..\examples\OpenGLWindow\LoadShader.cpp ..\..\examples\OpenGLWindow\opengl_fontstashcallbacks.cpp ..\..\examples\OpenGLWindow\OpenSans.cpp ..\..\examples\OpenGLWindow\SimpleCamera.cpp ..\..\examples\OpenGLWindow\SimpleOpenGL2App.cpp ..\..\examples\OpenGLWindow\SimpleOpenGL2Renderer.cpp ..\..\examples\OpenGLWindow\SimpleOpenGL3App.cpp ..\..\examples\OpenGLWindow\TwFonts.cpp ..\..\examples\OpenGLWindow\Win32OpenGLWindow.cpp ..\..\examples\OpenGLWindow\Win32Window.cpp
         fontstash.cpp
         GLInstancingRenderer.cpp
         GLPrimitiveRenderer.cpp
         GLRenderToTexture.cpp
     1>..\..\examples\OpenGLWindow\GLPrimitiveRenderer.cpp(315): warning C4800: 'int' : forcing value to bool 'true' or 'false' (performance warning)
         LoadShader.cpp
         opengl_fontstashcallbacks.cpp
         OpenSans.cpp
     1>c:\users\jazmina liz\desktop\proyecto-icg\bullet3-2.83.5\examples\openglwindow\stb_image_write.h(156): warning C4996: 'fopen': This function or variable may be unsafe. Consider using fopen_s instead. To disable deprecation, use _CRT_SECURE_NO_WARNINGS. See online help for details. (..\..\examples\OpenGLWindow\opengl_fontstashcallbacks.cpp)
                 C:\Program Files (x86)\Microsoft Visual Studio 12.0\VC\include\stdio.h(211) : see declaration of 'fopen'
     1>c:\users\jazmina liz\desktop\proyecto-icg\bullet3-2.83.5\examples\openglwindow\stb_truetype.h(1919): warning C4267: 'initializing' : conversion from 'size_t' to 'stbtt_int32', possible loss of data (..\..\examples\OpenGLWindow\fontstash.cpp)
         SimpleCamera.cpp
     1>c:\users\jazmina liz\desktop\proyecto-icg\bullet3-2.83.5\examples\openglwindow\stb_image_write.h(321): warning C4244: 'initializing' : conversion from '__int64' to 'int', possible loss of data (..\..\examples\OpenGLWindow\opengl_fontstashcallbacks.cpp)
     1>..\..\examples\OpenGLWindow\fontstash.cpp(225): warning C4996: 'fopen': This function or variable may be unsafe. Consider using fopen_s instead. To disable deprecation, use _CRT_SECURE_NO_WARNINGS. See online help for details.
                 C:\Program Files (x86)\Microsoft Visual Studio 12.0\VC\include\stdio.h(211) : see declaration of 'fopen'
     1>..\..\examples\OpenGLWindow\fontstash.cpp(233): warning C4267: '=' : conversion from 'size_t' to 'int', possible loss of data
     1>c:\users\jazmina liz\desktop\proyecto-icg\bullet3-2.83.5\examples\openglwindow\stb_image_write.h(495): warning C4996: 'fopen': This function or variable may be unsafe. Consider using fopen_s instead. To disable deprecation, use _CRT_SECURE_NO_WARNINGS. See online help for details. (..\..\examples\OpenGLWindow\opengl_fontstashcallbacks.cpp)
                 C:\Program Files (x86)\Microsoft Visual Studio 12.0\VC\include\stdio.h(211) : see declaration of 'fopen'
         SimpleOpenGL2App.cpp
         SimpleOpenGL2Renderer.cpp
         SimpleOpenGL3App.cpp
         TwFonts.cpp
         Win32OpenGLWindow.cpp
         Win32Window.cpp
     1>..\..\examples\OpenGLWindow\SimpleOpenGL3App.cpp(713): warning C4996: 'sprintf': This function or variable may be unsafe. Consider using sprintf_s instead. To disable deprecation, use _CRT_SECURE_NO_WARNINGS. See online help for details.
                 C:\Program Files (x86)\Microsoft Visual Studio 12.0\VC\include\stdio.h(356) : see declaration of 'sprintf'
     1>..\..\examples\OpenGLWindow\Win32OpenGLWindow.cpp(176): warning C4267: 'return' : conversion from 'size_t' to 'int', possible loss of data
     1>..\..\examples\OpenGLWindow\Win32Window.cpp(190): warning C4244: 'argument' : conversion from 'WPARAM' to 'int', possible loss of data
     1>..\..\examples\OpenGLWindow\Win32Window.cpp(220): warning C4244: 'argument' : conversion from 'WPARAM' to 'int', possible loss of data
     1>..\..\examples\OpenGLWindow\Win32Window.cpp(226): warning C4244: 'argument' : conversion from 'WPARAM' to 'int', possible loss of data
     1>..\..\examples\OpenGLWindow\Win32Window.cpp(234): warning C4244: 'argument' : conversion from 'WPARAM' to 'int', possible loss of data
     1>..\..\examples\OpenGLWindow\Win32Window.cpp(272): warning C4244: 'argument' : conversion from 'int' to 'float', possible loss of data
     1>..\..\examples\OpenGLWindow\Win32Window.cpp(286): warning C4244: 'argument' : conversion from 'int' to 'float', possible loss of data
     1>..\..\examples\OpenGLWindow\Win32Window.cpp(302): warning C4244: 'argument' : conversion from 'int' to 'float', possible loss of data
     1>..\..\examples\OpenGLWindow\Win32Window.cpp(319): warning C4244: 'argument' : conversion from 'int' to 'float', possible loss of data
     1>..\..\examples\OpenGLWindow\Win32Window.cpp(357): warning C4244: 'argument' : conversion from 'int' to 'float', possible loss of data
     1>..\..\examples\OpenGLWindow\Win32Window.cpp(368): warning C4244: 'argument' : conversion from 'int' to 'float', possible loss of data
     1>..\..\examples\OpenGLWindow\Win32Window.cpp(379): warning C4244: 'argument' : conversion from 'int' to 'float', possible loss of data
     1>..\..\examples\OpenGLWindow\Win32Window.cpp(411): warning C4244: 'argument' : conversion from 'int' to 'float', possible loss of data
     1>..\..\examples\OpenGLWindow\Win32Window.cpp(437): warning C4101: 'dwResult' : unreferenced local variable
     1>..\..\examples\OpenGLWindow\Win32Window.cpp(778): warning C4244: 'argument' : conversion from 'int' to 'float', possible loss of data
       Lib:
         C:\Program Files (x86)\Microsoft Visual Studio 12.0\VC\bin\x86_amd64\Lib.exe /OUT:"..\..\bin\OpenGL_Window_vs2010_x64_debug.lib" /NOLOGO /MACHINE:X64 obj\x64\Debug\OpenGL_Window\glew.obj
         obj\x64\Debug\OpenGL_Window\fontstash.obj
         obj\x64\Debug\OpenGL_Window\GLInstancingRenderer.obj
         obj\x64\Debug\OpenGL_Window\GLPrimitiveRenderer.obj
         obj\x64\Debug\OpenGL_Window\GLRenderToTexture.obj
         obj\x64\Debug\OpenGL_Window\LoadShader.obj
         obj\x64\Debug\OpenGL_Window\opengl_fontstashcallbacks.obj
         obj\x64\Debug\OpenGL_Window\OpenSans.obj
         obj\x64\Debug\OpenGL_Window\SimpleCamera.obj
         obj\x64\Debug\OpenGL_Window\SimpleOpenGL2App.obj
         obj\x64\Debug\OpenGL_Window\SimpleOpenGL2Renderer.obj
         obj\x64\Debug\OpenGL_Window\SimpleOpenGL3App.obj
         obj\x64\Debug\OpenGL_Window\TwFonts.obj
         obj\x64\Debug\OpenGL_Window\Win32OpenGLWindow.obj
         obj\x64\Debug\OpenGL_Window\Win32Window.obj
         OpenGL_Window.vcxproj -> C:\Users\Jazmina Liz\Desktop\Proyecto-ICG\bullet3-2.83.5\build3\vs2010\..\..\bin\OpenGL_Window_vs2010_x64_debug.lib
     1>Done Building Project "C:\Users\Jazmina Liz\Desktop\Proyecto-ICG\bullet3-2.83.5\build3\vs2010\OpenGL_Window.vcxproj" (Build target(s)).

Build succeeded.

Time Elapsed 00:00:22.45
