Build started 12/08/2015 18:12:46.
     1>Project "c:\Users\Hillary\documents\visual studio 2013\Projects\test 3\ConsoleApplication1\ConsoleApplication1.vcxproj" on node 2 (Build target(s)).
     1>ClCompile:
         C:\Program Files (x86)\Microsoft Visual Studio 12.0\VC\bin\CL.exe /c /ZI /nologo /W3 /WX- /sdl /Od /Oy- /D WIN32 /D _DEBUG /D _CONSOLE /D _LIB /D _UNICODE /D UNICODE /Gm /EHsc /RTC1 /MDd /GS /fp:precise /Zc:wchar_t /Zc:forScope /Fo"Debug\\" /Fd"Debug\vc120.pdb" /Gd /TP /analyze- /errorReport:prompt secondmain.cpp
         secondmain.cpp
     1>c:\users\hillary\documents\visual studio 2013\projects\test 3\consoleapplication1\shader.h(62): warning C4101: 'success' : unreferenced local variable
     1>c:\users\hillary\documents\visual studio 2013\projects\test 3\consoleapplication1\shader.h(63): warning C4101: 'infoLog' : unreferenced local variable
     1>c:\users\hillary\documents\visual studio 2013\projects\test 3\consoleapplication1\secondmain.cpp(89): warning C4244: 'initializing' : conversion from 'double' to 'GLfloat', possible loss of data
     1>c:\users\hillary\documents\visual studio 2013\projects\test 3\consoleapplication1\secondmain.cpp(155): warning C4244: '=' : conversion from 'double' to 'GLfloat', possible loss of data
     1>c:\users\hillary\documents\visual studio 2013\projects\test 3\consoleapplication1\secondmain.cpp(156): warning C4244: '=' : conversion from 'double' to 'GLfloat', possible loss of data
     1>c:\users\hillary\documents\visual studio 2013\projects\test 3\consoleapplication1\secondmain.cpp(160): warning C4244: 'initializing' : conversion from 'double' to 'GLfloat', possible loss of data
     1>c:\users\hillary\documents\visual studio 2013\projects\test 3\consoleapplication1\secondmain.cpp(161): warning C4244: 'initializing' : conversion from 'double' to 'GLfloat', possible loss of data
     1>c:\users\hillary\documents\visual studio 2013\projects\test 3\consoleapplication1\secondmain.cpp(163): warning C4244: '=' : conversion from 'double' to 'GLfloat', possible loss of data
     1>c:\users\hillary\documents\visual studio 2013\projects\test 3\consoleapplication1\secondmain.cpp(164): warning C4244: '=' : conversion from 'double' to 'GLfloat', possible loss of data
     1>c:\users\hillary\documents\visual studio 2013\projects\test 3\consoleapplication1\secondmain.cpp(171): warning C4244: 'argument' : conversion from 'double' to 'GLfloat', possible loss of data
       Link:
         C:\Program Files (x86)\Microsoft Visual Studio 12.0\VC\bin\link.exe /ERRORREPORT:PROMPT /OUT:"c:\users\hillary\documents\visual studio 2013\Projects\test 3\Debug\ConsoleApplication1.exe" /INCREMENTAL /NOLOGO glfw3.lib opengl32.lib glew32s.lib glew32.lib SOIL.lib assimp.lib kernel32.lib user32.lib gdi32.lib winspool.lib comdlg32.lib advapi32.lib shell32.lib ole32.lib oleaut32.lib uuid.lib odbc32.lib odbccp32.lib /MANIFEST /MANIFESTUAC:"level='asInvoker' uiAccess='false'" /manifest:embed /DEBUG /PDB:"c:\users\hillary\documents\visual studio 2013\Projects\test 3\Debug\ConsoleApplication1.pdb" /SUBSYSTEM:CONSOLE /TLBID:1 /DYNAMICBASE /NXCOMPAT /IMPLIB:"c:\users\hillary\documents\visual studio 2013\Projects\test 3\Debug\ConsoleApplication1.lib" /MACHINE:X86 Debug\secondmain.obj
         ConsoleApplication1.vcxproj -> c:\users\hillary\documents\visual studio 2013\Projects\test 3\Debug\ConsoleApplication1.exe
     1>Done Building Project "c:\Users\Hillary\documents\visual studio 2013\Projects\test 3\ConsoleApplication1\ConsoleApplication1.vcxproj" (Build target(s)).

Build succeeded.

Time Elapsed 00:00:03.10
