Build started 08-08-2015 07:33:04 p.m..
     1>Project "C:\Users\Jazmina Liz\Desktop\Proyecto-ICG\bullet3-2.83.5\build3\vs2010\gwen.vcxproj" on node 3 (Build target(s)).
     1>ClCompile:
         C:\Program Files (x86)\Microsoft Visual Studio 12.0\VC\bin\x86_amd64\CL.exe /c /I..\..\examples\ThirdPartyLibs\Glew /I..\..\examples\ThirdPartyLibs\Gwen /I..\..\examples\ThirdPartyLibs /nologo /W3 /WX- /Ox /D GLEW_STATIC /D GWEN_COMPILE_STATIC /D DONT_USE_GLUT /D _MBCS /GF /Gm- /EHsc /MT /GS /Gy /arch:SSE2 /fp:fast /Zc:wchar_t /Zc:forScope /Fo"obj\x64\Release\gwen\\" /Fd"obj\x64\Release\gwen\vc120.pdb" /Gd /TC /errorReport:prompt /MP ..\..\examples\ThirdPartyLibs\Glew\glew.c
     1>cl : Command line warning D9002: ignoring unknown option '/arch:SSE2'
         glew.c
         C:\Program Files (x86)\Microsoft Visual Studio 12.0\VC\bin\x86_amd64\CL.exe /c /I..\..\examples\ThirdPartyLibs\Glew /I..\..\examples\ThirdPartyLibs\Gwen /I..\..\examples\ThirdPartyLibs /nologo /W3 /WX- /Ox /D GLEW_STATIC /D GWEN_COMPILE_STATIC /D DONT_USE_GLUT /D _MBCS /GF /Gm- /EHsc /MT /GS /Gy /arch:SSE2 /fp:fast /Zc:wchar_t /Zc:forScope /Fo"obj\x64\Release\gwen\\" /Fd"obj\x64\Release\gwen\vc120.pdb" /Gd /TP /errorReport:prompt /MP ..\..\examples\ThirdPartyLibs\Gwen\Anim.cpp ..\..\examples\ThirdPartyLibs\Gwen\BaseRender.cpp ..\..\examples\ThirdPartyLibs\Gwen\DragAndDrop.cpp ..\..\examples\ThirdPartyLibs\Gwen\events.cpp ..\..\examples\ThirdPartyLibs\Gwen\Gwen.cpp ..\..\examples\ThirdPartyLibs\Gwen\Hook.cpp ..\..\examples\ThirdPartyLibs\Gwen\inputhandler.cpp ..\..\examples\ThirdPartyLibs\Gwen\Skin.cpp ..\..\examples\ThirdPartyLibs\Gwen\ToolTip.cpp ..\..\examples\ThirdPartyLibs\Gwen\Utility.cpp ..\..\examples\ThirdPartyLibs\Gwen\Controls\Base.cpp ..\..\examples\ThirdPartyLibs\Gwen\Controls\Button.cpp ..\..\examples\ThirdPartyLibs\Gwen\Controls\Canvas.cpp ..\..\examples\ThirdPartyLibs\Gwen\Controls\CheckBox.cpp ..\..\examples\ThirdPartyLibs\Gwen\Controls\ColorControls.cpp ..\..\examples\ThirdPartyLibs\Gwen\Controls\ColorPicker.cpp ..\..\examples\ThirdPartyLibs\Gwen\Controls\ComboBox.cpp ..\..\examples\ThirdPartyLibs\Gwen\Controls\CrossSplitter.cpp ..\..\examples\ThirdPartyLibs\Gwen\Controls\DockBase.cpp ..\..\examples\ThirdPartyLibs\Gwen\Controls\DockedTabControl.cpp ..\..\examples\ThirdPartyLibs\Gwen\Controls\Dragger.cpp ..\..\examples\ThirdPartyLibs\Gwen\Controls\GroupBox.cpp ..\..\examples\ThirdPartyLibs\Gwen\Controls\HorizontalScrollBar.cpp ..\..\examples\ThirdPartyLibs\Gwen\Controls\HorizontalSlider.cpp ..\..\examples\ThirdPartyLibs\Gwen\Controls\HSVColorPicker.cpp ..\..\examples\ThirdPartyLibs\Gwen\Controls\ImagePanel.cpp ..\..\examples\ThirdPartyLibs\Gwen\Controls\Label.cpp ..\..\examples\ThirdPartyLibs\Gwen\Controls\LabelClickable.cpp ..\..\examples\ThirdPartyLibs\Gwen\Controls\ListBox.cpp ..\..\examples\ThirdPartyLibs\Gwen\Controls\Menu.cpp ..\..\examples\ThirdPartyLibs\Gwen\Controls\MenuItem.cpp ..\..\examples\ThirdPartyLibs\Gwen\Controls\MenuStrip.cpp ..\..\examples\ThirdPartyLibs\Gwen\Controls\NumericUpDown.cpp ..\..\examples\ThirdPartyLibs\Gwen\Controls\PanelListPanel.cpp ..\..\examples\ThirdPartyLibs\Gwen\Controls\ProgressBar.cpp ..\..\examples\ThirdPartyLibs\Gwen\Controls\Properties.cpp ..\..\examples\ThirdPartyLibs\Gwen\Controls\RadioButton.cpp ..\..\examples\ThirdPartyLibs\Gwen\Controls\RadioButtonController.cpp ..\..\examples\ThirdPartyLibs\Gwen\Controls\ResizableControl.cpp ..\..\examples\ThirdPartyLibs\Gwen\Controls\Resizer.cpp ..\..\examples\ThirdPartyLibs\Gwen\Controls\RichLabel.cpp ..\..\examples\ThirdPartyLibs\Gwen\Controls\ScrollBar.cpp ..\..\examples\ThirdPartyLibs\Gwen\Controls\ScrollBarBar.cpp ..\..\examples\ThirdPartyLibs\Gwen\Controls\ScrollBarButton.cpp ..\..\examples\ThirdPartyLibs\Gwen\Controls\ScrollControl.cpp ..\..\examples\ThirdPartyLibs\Gwen\Controls\Slider.cpp ..\..\examples\ThirdPartyLibs\Gwen\Controls\SplitterBar.cpp ..\..\examples\ThirdPartyLibs\Gwen\Controls\TabButton.cpp ..\..\examples\ThirdPartyLibs\Gwen\Controls\TabControl.cpp ..\..\examples\ThirdPartyLibs\Gwen\Controls\TabStrip.cpp ..\..\examples\ThirdPartyLibs\Gwen\Controls\Text.cpp ..\..\examples\ThirdPartyLibs\Gwen\Controls\TextBox.cpp ..\..\examples\ThirdPartyLibs\Gwen\Controls\TextBoxNumeric.cpp ..\..\examples\ThirdPartyLibs\Gwen\Controls\TreeControl.cpp ..\..\examples\ThirdPartyLibs\Gwen\Controls\TreeNode.cpp ..\..\examples\ThirdPartyLibs\Gwen\Controls\VerticalScrollBar.cpp ..\..\examples\ThirdPartyLibs\Gwen\Controls\VerticalSlider.cpp ..\..\examples\ThirdPartyLibs\Gwen\Controls\WindowControl.cpp ..\..\examples\ThirdPartyLibs\Gwen\Controls\Dialog\FileOpen.cpp ..\..\examples\ThirdPartyLibs\Gwen\Controls\Dialog\FileSave.cpp ..\..\examples\ThirdPartyLibs\Gwen\Controls\Dialog\Query.cpp ..\..\examples\ThirdPartyLibs\Gwen\Platforms\Null.cpp ..\..\examples\ThirdPartyLibs\Gwen\Platforms\Windows.cpp ..\..\examples\ThirdPartyLibs\Gwen\Renderers\OpenGL_DebugFont.cpp
     1>cl : Command line warning D9002: ignoring unknown option '/arch:SSE2'
     1>cl : Command line warning D9002: ignoring unknown option '/arch:SSE2'
         Anim.cpp
     1>cl : Command line warning D9002: ignoring unknown option '/arch:SSE2'
         BaseRender.cpp
     1>cl : Command line warning D9002: ignoring unknown option '/arch:SSE2'
         DragAndDrop.cpp
     1>cl : Command line warning D9002: ignoring unknown option '/arch:SSE2'
         events.cpp
         Gwen.cpp
         Hook.cpp
         inputhandler.cpp
         Skin.cpp
         ToolTip.cpp
         Utility.cpp
         Base.cpp
         Button.cpp
         Canvas.cpp
     1>..\..\examples\ThirdPartyLibs\Gwen\Controls\Base.cpp(332): warning C4267: 'return' : conversion from 'size_t' to 'int', possible loss of data
     1>..\..\examples\ThirdPartyLibs\Gwen\Controls\Base.cpp(731): warning C4267: 'initializing' : conversion from 'size_t' to 'int', possible loss of data
         CheckBox.cpp
         ColorControls.cpp
         ColorPicker.cpp
         ComboBox.cpp
         CrossSplitter.cpp
         DockBase.cpp
         DockedTabControl.cpp
         Dragger.cpp
         GroupBox.cpp
         HorizontalScrollBar.cpp
         HorizontalSlider.cpp
         HSVColorPicker.cpp
         ImagePanel.cpp
         Label.cpp
         LabelClickable.cpp
         ListBox.cpp
         Menu.cpp
         MenuItem.cpp
         MenuStrip.cpp
         NumericUpDown.cpp
         PanelListPanel.cpp
         ProgressBar.cpp
         Properties.cpp
         RadioButton.cpp
         RadioButtonController.cpp
         ResizableControl.cpp
         Resizer.cpp
         RichLabel.cpp
         ScrollBar.cpp
         ScrollBarBar.cpp
         ScrollBarButton.cpp
         ScrollControl.cpp
         Slider.cpp
         SplitterBar.cpp
         TabButton.cpp
         TabControl.cpp
         TabStrip.cpp
         Text.cpp
         TextBox.cpp
         TextBoxNumeric.cpp
     1>..\..\examples\ThirdPartyLibs\Gwen\Controls\Text.cpp(99): warning C4267: 'argument' : conversion from 'size_t' to 'int', possible loss of data
     1>..\..\examples\ThirdPartyLibs\Gwen\Controls\Text.cpp(105): warning C4267: '=' : conversion from 'size_t' to 'int', possible loss of data
         TreeControl.cpp
         TreeNode.cpp
         VerticalScrollBar.cpp
         VerticalSlider.cpp
         WindowControl.cpp
         FileOpen.cpp
         FileSave.cpp
         Query.cpp
         Null.cpp
         Windows.cpp
         OpenGL_DebugFont.cpp
       Lib:
         C:\Program Files (x86)\Microsoft Visual Studio 12.0\VC\bin\x86_amd64\Lib.exe /OUT:"..\..\bin\gwen_vs2010_x64_release.lib" /NOLOGO /MACHINE:X64 obj\x64\Release\gwen\glew.obj
         obj\x64\Release\gwen\Anim.obj
         obj\x64\Release\gwen\BaseRender.obj
         obj\x64\Release\gwen\DragAndDrop.obj
         obj\x64\Release\gwen\events.obj
         obj\x64\Release\gwen\Gwen.obj
         obj\x64\Release\gwen\Hook.obj
         obj\x64\Release\gwen\inputhandler.obj
         obj\x64\Release\gwen\Skin.obj
         obj\x64\Release\gwen\ToolTip.obj
         obj\x64\Release\gwen\Utility.obj
         obj\x64\Release\gwen\Base.obj
         obj\x64\Release\gwen\Button.obj
         obj\x64\Release\gwen\Canvas.obj
         obj\x64\Release\gwen\CheckBox.obj
         obj\x64\Release\gwen\ColorControls.obj
         obj\x64\Release\gwen\ColorPicker.obj
         obj\x64\Release\gwen\ComboBox.obj
         obj\x64\Release\gwen\CrossSplitter.obj
         obj\x64\Release\gwen\DockBase.obj
         obj\x64\Release\gwen\DockedTabControl.obj
         obj\x64\Release\gwen\Dragger.obj
         obj\x64\Release\gwen\GroupBox.obj
         obj\x64\Release\gwen\HorizontalScrollBar.obj
         obj\x64\Release\gwen\HorizontalSlider.obj
         obj\x64\Release\gwen\HSVColorPicker.obj
         obj\x64\Release\gwen\ImagePanel.obj
         obj\x64\Release\gwen\Label.obj
         obj\x64\Release\gwen\LabelClickable.obj
         obj\x64\Release\gwen\ListBox.obj
         obj\x64\Release\gwen\Menu.obj
         obj\x64\Release\gwen\MenuItem.obj
         obj\x64\Release\gwen\MenuStrip.obj
         obj\x64\Release\gwen\NumericUpDown.obj
         obj\x64\Release\gwen\PanelListPanel.obj
         obj\x64\Release\gwen\ProgressBar.obj
         obj\x64\Release\gwen\Properties.obj
         obj\x64\Release\gwen\RadioButton.obj
         obj\x64\Release\gwen\RadioButtonController.obj
         obj\x64\Release\gwen\ResizableControl.obj
         obj\x64\Release\gwen\Resizer.obj
         obj\x64\Release\gwen\RichLabel.obj
         obj\x64\Release\gwen\ScrollBar.obj
         obj\x64\Release\gwen\ScrollBarBar.obj
         obj\x64\Release\gwen\ScrollBarButton.obj
         obj\x64\Release\gwen\ScrollControl.obj
         obj\x64\Release\gwen\Slider.obj
         obj\x64\Release\gwen\SplitterBar.obj
         obj\x64\Release\gwen\TabButton.obj
         obj\x64\Release\gwen\TabControl.obj
         obj\x64\Release\gwen\TabStrip.obj
         obj\x64\Release\gwen\Text.obj
         obj\x64\Release\gwen\TextBox.obj
         obj\x64\Release\gwen\TextBoxNumeric.obj
         obj\x64\Release\gwen\TreeControl.obj
         obj\x64\Release\gwen\TreeNode.obj
         obj\x64\Release\gwen\VerticalScrollBar.obj
         obj\x64\Release\gwen\VerticalSlider.obj
         obj\x64\Release\gwen\WindowControl.obj
         obj\x64\Release\gwen\FileOpen.obj
         obj\x64\Release\gwen\FileSave.obj
         obj\x64\Release\gwen\Query.obj
         obj\x64\Release\gwen\Null.obj
         obj\x64\Release\gwen\Windows.obj
         obj\x64\Release\gwen\OpenGL_DebugFont.obj
     1>Null.obj : warning LNK4221: This object file does not define any previously undefined public symbols, so it will not be used by any link operation that consumes this library
     1>Query.obj : warning LNK4221: This object file does not define any previously undefined public symbols, so it will not be used by any link operation that consumes this library
     1>ImagePanel.obj : warning LNK4221: This object file does not define any previously undefined public symbols, so it will not be used by any link operation that consumes this library
         gwen.vcxproj -> C:\Users\Jazmina Liz\Desktop\Proyecto-ICG\bullet3-2.83.5\build3\vs2010\..\..\bin\gwen_vs2010_x64_release.lib
     1>Done Building Project "C:\Users\Jazmina Liz\Desktop\Proyecto-ICG\bullet3-2.83.5\build3\vs2010\gwen.vcxproj" (Build target(s)).

Build succeeded.

Time Elapsed 00:05:01.68
